[debug] [2022-10-24T09:23:18.183Z] ----------------------------------------------------------------------
[debug] [2022-10-24T09:23:18.189Z] Command:       C:\Program Files\nodejs\node.exe C:\usr\local\node_modules\firebase-tools\lib\bin\firebase.js init
[debug] [2022-10-24T09:23:18.190Z] CLI Version:   11.15.0
[debug] [2022-10-24T09:23:18.190Z] Platform:      win32
[debug] [2022-10-24T09:23:18.190Z] Node Version:  v16.18.0
[debug] [2022-10-24T09:23:18.192Z] Time:          Mon Oct 24 2022 14:23:18 GMT+0500 (Pakistan Standard Time)
[debug] [2022-10-24T09:23:18.192Z] ----------------------------------------------------------------------
[debug] 
[debug] [2022-10-24T09:23:18.206Z] > command requires scopes: ["email","openid","https://www.googleapis.com/auth/cloudplatformprojects.readonly","https://www.googleapis.com/auth/firebase","https://www.googleapis.com/auth/cloud-platform"]
[debug] [2022-10-24T09:23:18.207Z] > authorizing via signed-in user (hamzahraja11@gmail.com)
[info] 
     ######## #### ########  ######## ########     ###     ######  ########
     ##        ##  ##     ## ##       ##     ##  ##   ##  ##       ##
     ######    ##  ########  ######   ########  #########  ######  ######
     ##        ##  ##    ##  ##       ##     ## ##     ##       ## ##
     ##       #### ##     ## ######## ########  ##     ##  ######  ########

You're about to initialize a Firebase project in this directory:

  C:\Users\DELL\Desktop\Practice\sign-up-form

[info] 
=== Project Setup
[info] 
[info] First, let's associate this project directory with a Firebase project.
[info] You can create multiple project aliases by running firebase use --add, 
[info] but for now we'll just set up a default project.
[info] 
[debug] [2022-10-24T09:23:40.802Z] >>> [apiv2][query] GET https://firebase.googleapis.com/v1beta1/projects pageSize=100
[debug] [2022-10-24T09:23:43.155Z] <<< [apiv2][status] GET https://firebase.googleapis.com/v1beta1/projects 200
[debug] [2022-10-24T09:23:43.155Z] <<< [apiv2][body] GET https://firebase.googleapis.com/v1beta1/projects [omitted]
[info] i  Using project sign-up-form-1123 (sign-up-form) 
[info] 
=== Hosting Setup
[info] 
[info] Your public directory is the folder (relative to your project directory) that
[info] will contain Hosting assets to be uploaded with firebase deploy. If you
[info] have a build process for your assets, use your build's output directory.
[info] 
[debug] [2022-10-24T09:24:29.051Z] >>> [apiv2][query] GET https://www.gstatic.com/firebasejs/releases.json [none]
[debug] [2022-10-24T09:24:29.296Z] <<< [apiv2][status] GET https://www.gstatic.com/firebasejs/releases.json 200
[debug] [2022-10-24T09:24:29.297Z] <<< [apiv2][body] GET https://www.gstatic.com/firebasejs/releases.json {"current":{"version":"9.12.1","browserURL":"https://www.gstatic.com/firebasejs/9.12.1/firebase.js","packageURL":"https://www.gstatic.com/firebasejs/9.12.1/firebase.tgz"},"live":{"version":"9.12","browserURL":"https://www.gstatic.com/firebasejs/live/9.12/firebase.js","packageURL":"https://www.gstatic.com/firebasejs/live/9.12/firebase.tgz"},"components":{"analytics":"https://www.gstatic.com/firebasejs/9.12.1/firebase-analytics.js","app":"https://www.gstatic.com/firebasejs/9.12.1/firebase-app.js","app-check":"https://www.gstatic.com/firebasejs/9.12.1/firebase-app-check.js","auth":"https://www.gstatic.com/firebasejs/9.12.1/firebase-auth.js","auth/cordova":"https://www.gstatic.com/firebasejs/9.12.1/firebase-auth/cordova.js","auth/react-native":"https://www.gstatic.com/firebasejs/9.12.1/firebase-auth/react-native.js","functions":"https://www.gstatic.com/firebasejs/9.12.1/firebase-functions.js","firestore":"https://www.gstatic.com/firebasejs/9.12.1/firebase-firestore.js","firestore/lite":"https://www.gstatic.com/firebasejs/9.12.1/firebase-firestore/lite.js","installations":"https://www.gstatic.com/firebasejs/9.12.1/firebase-installations.js","storage":"https://www.gstatic.com/firebasejs/9.12.1/firebase-storage.js","performance":"https://www.gstatic.com/firebasejs/9.12.1/firebase-performance.js","remote-config":"https://www.gstatic.com/firebasejs/9.12.1/firebase-remote-config.js","messaging":"https://www.gstatic.com/firebasejs/9.12.1/firebase-messaging.js","messaging/sw":"https://www.gstatic.com/firebasejs/9.12.1/firebase-messaging/sw.js","database":"https://www.gstatic.com/firebasejs/9.12.1/firebase-database.js","firestore.memory":"https://www.gstatic.com/firebasejs/9.12.1/firebase-firestore.memory.js"}}
[info] +  Wrote public/index.html 
[info] 
[info] i  Detected a .git folder at C:\Users\DELL\Desktop\Practice\sign-up-form 
[info] i  Authorizing with GitHub to upload your service account to a GitHub repository's secrets store. 
[info] 
[info] Visit this URL on this device to log in:
[info] https://github.com/login/oauth/authorize?client_id=89cf50f02ac6aaed3484&state=811425101&redirect_uri=http%3A%2F%2Flocalhost%3A9005&scope=read%3Auser%20repo%20public_repo
[info] 
[info] Waiting for authentication...
[debug] [2022-10-24T09:24:54.571Z] >>> [apiv2][query] POST https://github.com/login/oauth/access_token [none]
[debug] [2022-10-24T09:24:54.572Z] >>> [apiv2][body] POST https://github.com/login/oauth/access_token [stream]
[debug] [2022-10-24T09:24:55.118Z] <<< [apiv2][status] POST https://github.com/login/oauth/access_token 200
[debug] [2022-10-24T09:24:55.118Z] <<< [apiv2][body] POST https://github.com/login/oauth/access_token {"access_token":"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","token_type":"bearer","scope":"read:user,repo"}
[debug] [2022-10-24T09:24:55.132Z] >>> [apiv2][query] GET https://api.github.com/user [none]
[debug] [2022-10-24T09:24:56.163Z] <<< [apiv2][status] GET https://api.github.com/user 200
[debug] [2022-10-24T09:24:56.163Z] <<< [apiv2][body] GET https://api.github.com/user {"login":"mhamzahhameed","id":56826066,"node_id":"MDQ6VXNlcjU2ODI2MDY2","avatar_url":"https://avatars.githubusercontent.com/u/56826066?v=4","gravatar_id":"","url":"https://api.github.com/users/mhamzahhameed","html_url":"https://github.com/mhamzahhameed","followers_url":"https://api.github.com/users/mhamzahhameed/followers","following_url":"https://api.github.com/users/mhamzahhameed/following{/other_user}","gists_url":"https://api.github.com/users/mhamzahhameed/gists{/gist_id}","starred_url":"https://api.github.com/users/mhamzahhameed/starred{/owner}{/repo}","subscriptions_url":"https://api.github.com/users/mhamzahhameed/subscriptions","organizations_url":"https://api.github.com/users/mhamzahhameed/orgs","repos_url":"https://api.github.com/users/mhamzahhameed/repos","events_url":"https://api.github.com/users/mhamzahhameed/events{/privacy}","received_events_url":"https://api.github.com/users/mhamzahhameed/received_events","type":"User","site_admin":false,"name":"Mohammad Hamzah Hameed","company":null,"blog":"","location":"Pakistan","email":null,"hireable":null,"bio":null,"twitter_username":null,"public_repos":21,"public_gists":0,"followers":1,"following":3,"created_at":"2019-10-21T10:48:56Z","updated_at":"2022-05-26T16:21:14Z","private_gists":0,"total_private_repos":0,"owned_private_repos":0,"disk_usage":28740,"collaborators":0,"two_factor_authentication":false,"plan":{"name":"free","space":976562499,"collaborators":0,"private_repos":10000}}
[info] 
[info] +  Success! Logged into GitHub as mhamzahhameed 
[info] 
[debug] [2022-10-24T09:25:50.544Z] >>> [apiv2][query] GET https://api.github.com/repos//actions/secrets/public-key type=owner
[debug] [2022-10-24T09:25:51.028Z] <<< [apiv2][status] GET https://api.github.com/repos//actions/secrets/public-key 404
[debug] [2022-10-24T09:25:51.028Z] <<< [apiv2][body] GET https://api.github.com/repos//actions/secrets/public-key {"message":"Not Found","documentation_url":"https://docs.github.com/rest"}
